<?xml version="1.0" encoding="UTF-8"?>
<!-- Generated by org.testng.reporters.JUnitReportReporter -->
<testsuite hostname="DESKTOP-QPJTBPD" failures="0" tests="2" name="browsercompatibility.Varifyroom$VarifyRoomPageTestNg" time="98.069" errors="0" timestamp="2022-09-21T16:26:41 IST" skipped="0">
  <testcase classname="browsercompatibility.Varifyroom$VarifyRoomPageTestNg" name="verifyMessengerButton" time="73.687"/>
  <system-out/>
  <testcase classname="browsercompatibility.Varifyroom$VarifyRoomPageTestNg" name="verifyHelpCenterButton" time="24.382"/>
  <system-out/>
</testsuite> <!-- browsercompatibility.Varifyroom$VarifyRoomPageTestNg -->
