<?xml version="1.0" encoding="UTF-8"?>
<!-- Generated by org.testng.reporters.JUnitReportReporter -->
<testsuite hostname="DESKTOP-QPJTBPD" failures="0" tests="1" name="browsercompatibility.Varifyaccount$Varifycreateaccorwatchlist" time="44.106" errors="0" timestamp="2022-09-21T18:29:00 IST" skipped="0">
  <testcase classname="browsercompatibility.Varifyaccount$Varifycreateaccorwatchlist" name="verifycreatenewacc" time="44.106"/>
  <system-out/>
</testsuite> <!-- browsercompatibility.Varifyaccount$Varifycreateaccorwatchlist -->
