<?xml version="1.0" encoding="UTF-8"?>
<!-- Generated by org.testng.reporters.JUnitReportReporter -->
<testsuite hostname="DESKTOP-QPJTBPD" failures="0" tests="3" name="tempTestPack.TestNgclass" time="0.109" errors="0" timestamp="2022-09-07T14:38:59 IST" skipped="0">
  <testcase classname="tempTestPack.TestNgclass" name="test345" time="0.023"/>
  <system-out/>
  <testcase classname="tempTestPack.TestNgclass" name="test234" time="0.020"/>
  <system-out/>
  <testcase classname="tempTestPack.TestNgclass" name="test123" time="0.066"/>
  <system-out/>
</testsuite> <!-- tempTestPack.TestNgclass -->
